<?xml version="1.0" encoding="UTF-8"?>
<!-- Generated by org.testng.reporters.JUnitReportReporter -->
<testsuite hostname="Hassanhussaeny" failures="0" tests="1" name="com.maventestNG.BasedClass" time="7.043" errors="0" timestamp="29 Dec 2018 17:35:06 GMT" skipped="0">
  <testcase classname="com.maventestNG.BasedClass" name="setup" time="7.043"/>
</testsuite> <!-- com.maventestNG.BasedClass -->
